2025-08-07 17:53:04,181 WARNING: * Debugger is active!
2025-08-07 17:53:04,187 INFO: * Debugger PIN: 645-775-390
2025-08-07 17:53:10,706 INFO:127.0.0.1 - - [07/Aug/2025 17:53:10] "GET / HTTP/1.1" 200 -
2025-08-07 17:53:10,807 INFO:127.0.0.1 - - [07/Aug/2025 17:53:10] "[36mGET /static/css/profile.css HTTP/1.1[0m" 304 -
2025-08-07 17:53:31,597 WARNING:No valid input provided
2025-08-07 17:53:31,598 INFO:127.0.0.1 - - [07/Aug/2025 17:53:31] "[32mPOST / HTTP/1.1[0m" 302 -
2025-08-07 17:53:31,608 INFO:127.0.0.1 - - [07/Aug/2025 17:53:31] "GET / HTTP/1.1" 200 -
2025-08-07 17:53:31,649 INFO:127.0.0.1 - - [07/Aug/2025 17:53:31] "[36mGET /static/css/profile.css HTTP/1.1[0m" 304 -
2025-08-07 17:53:42,735 INFO:127.0.0.1 - - [07/Aug/2025 17:53:42] "GET / HTTP/1.1" 200 -
2025-08-07 17:53:42,771 INFO:127.0.0.1 - - [07/Aug/2025 17:53:42] "[36mGET /static/css/profile.css HTTP/1.1[0m" 304 -
2025-08-07 17:53:50,586 INFO:Extracted text from DOCX file 'Uploads\Sample_Profile.docx': # Client sample profile
Education, Industry Training & Certifications | MCA- G.H.Patel Department of...
2025-08-07 17:53:50,587 INFO:Cleaned up file: Uploads\Sample_Profile.docx
2025-08-07 17:54:21,256 INFO:Raw AI response: ```json
{
  "name": "",
  "education_training_certifications": [
    {
      "title": "MCA- G.H.Patel Department of Computer Science & Technology (GDCST), Sardar Patel University, Vallabh Vidyanagar"
    },
    {
      "title": "B.Sc. Honors (Statistics), Statistics Department, Maharaja Sayajirao University, Vadodara"
    },
    {
      "title": "Java Programming Language using Java SE6"
    },
    {
      "title": "WEBSPHERE STUDIO APPLICATION DEVELOPER (WSAD) certificate"
    },
    {
      "title": ".NET Technology certificate"
    }
  ],
  "total_experience": "18 years",
  "professional_summary": "Results-driven Project Manager with over 18 plus years of IT experience into Project/People Management, Software Development/Maintenance, and Business Operations/DevOps/Production Support (SRE). Worked on varied domains like Payment Industry, Oil & Gas, Electricity Transmission & Distribution, Banking & Financial Services, Insurance (BFSI), and Taxation. Proven track record in managing all phases of the project lifecycle, from initiation to closure, while ensuring alignment with organizational goals.\n\nExperience in leading team, providing cohesive environment to team members along with technical and managerial support and mentorship\nCompleted an internal Aspiring People Manager certified program \nCompleted multiple internal ITSM related certifications like Federated Change Manager (FCM), Federated Incident Manager (FIM) and Federated Problem Manager (FPM)\nExperience in Agile (Scrum, XP), certified SAFe 4.0 Practitioner (SP)\nWorked on an onsite (Calgary -Canada) assignment\nBeing part of offshore and onsite development team got acquainted with clients’ applications, development standards and processes\nGood exposure to complete SDLC. Involved in System Study, Design, Coding, Test Case Preparation, Testing and Bug Fixing\nAn ambitious & hardworking individual with an excellent relationship management. Adaptive towards corporate culture and behaviour\nA meticulous and quality-oriented individual with an eye for details\nResult Oriented Problem-Solving Approach with excellent communication, interpersonal & people management skills with an ability to manage change with ease\nA good team player with the ability to lead a team by example and motivate them to achieve desired objectives.",
  "netweb_projects": [
    {
      "title": "Manager, Health Care & Traffic/Transport projects",
      "description": "As Manager, managing and doing various project management activities for multiple Health Care & Traffic/Transport projects. Also, ensuring all the necessary best practices with respect to various tools, technologies, and processes used in projects are followed and do quality and timely deliveries.\nManaged project scopes, and schedules, and consistently delivered projects on time and within financial constraints.\nFacilitated stakeholder meetings, providing regular updates on project progress, risks, and issues, resulting in a 95% client satisfaction rate.\nAssisted in improving project completion rates by coordinating timelines and resources.\nContributed to cost-saving measures in project budgeting.\nProvided support in updating and maintaining project status reports and schedules.\nAdept at utilizing Agile & Scrum methodologies to enhance team collaboration and project efficiency.\nAdept at mitigating risks and fostering strong relationships with clients and stakeholders to ensure project success.\nStrong communicator with a knack for stakeholder engagement and conflict resolution.\nTechnology/Tools used in the projects: iOS, Android, React, Python (Django), PHP Laravel, AWS, Java, Spring Boot, Power BI, Jira, Github, Bitbucket, Confluence, AWS CI/CD Pipelines, Bitwarden, Slack, MS Teams, etc.\nRelevant Experience: 9 years of experience of Payment Industry, Project/People Management, Business Operations Support(Example: Release Promotion/Toll Gating, Run -Issue Troubleshooting (TRT), Application Availability, Service Restoration, New Environment Build/Application Deployment, Existing Environment/Application Sunset/Decommissioning, etc.)and DevOps practices to reduce Time-to-Market for enterprise delivery by managing environments and CI/CD pipelines and by promoting automation wherever possible. Example: Application/Database Traffic Routing Activity, Pivotal Cloud Foundry (PCF) certificate renewals, etc.\nExperienced in the Lead Reliability Engineer (SRE)role supporting Programs/Applications that uses various technologies/tools like BMC Remedy, Rally ALM), Access MC, Confluence, Remedy Self Service, Remedy Smart Report, Jenkins, Artifactory, GIT, Bitbucket, Pivotal Cloud Foundry (PCF), Oracle Database, Postgres Database, Agile-SAFe framework, Load Balancer (F5), API Gateway, ServiceNow, Apache, AXON, AKAMAI, JBoss, Crypto As A Service (CAAS), Splunk, Dynatrace, Blaze meter, etc.\nITSM Lead, Federated Change Manager (FCM), Federated Incident Manager (FIM) Federated Problem Management (FPM), Work Order Management\nConducted/Participated/Prepared required decks/material for/in the Daily Stand-ups, Scrum Calls, Mini Cabs (CRQs, WOs, INCs, PBIs, etc. tickets review), CAB (Change Advisory Board) Calls, Operations Review, Program Reviews, Cabinet Meetings, Monthly/Quarterly Technical Reviews (MTRs/QTRs), etc.\nVulnerabilities Management, Certificate Management, Manual Toil Reduction, and Automating as much as possible.\n9 years of software development and maintenance experience in Oakleaf, JAVA/J2EE, EJBs/JPA, Eclipse Link, Struts Framework, Servlets, JSP, JDBC, ORACLE, and JavaScript technologies.\nExperience in developing multi-tier applications using the MVC model.\nQuick learner and eager to learn new technologies."
    }
  ],
  "past_projects": [
    {
      "title": "Mortgage Services Application (Desk & Imaging and CARS & FSMS)",
      "description": "The project provides mortgage services for real estate companies, investment firms, banks, credit unions, and relocation professionals in the United States. The company originates, processes, closes, and services mortgage loans. It offers correspondent lending, private label solutions, loan subservicing, and relocation services Desk & Imaging and CARS & FSMS are very business critical applications. It was complex component-based architecture. Its User Interface is also a bit complex. It's entirely AMS project and there is incident analysis and resolution within stipulated SLAs"
    },
    {
      "title": "Enbridge Planning and Scheduling Project (\"Sked Link”)",
      "description": "The Planning and Scheduling Project is where Enbridge will build schedules for the majority of pipelines and facilities today and into the future. It is where schedules will be managed on a daily basis and schedules are executed. It is also where analytics will be applied, and key metrics will be measured so that proactive changes may be made in order to increase the profitability of Enbridge Planning and Scheduling is a very complex project. It required building a web application solution called \"Sked Link” which has a complex User Interface based upon very complex business requirements In this project, the deliverables were to complete the various development releases which the client referred to as SR4 (System Release), Metrics Drop and Build drop (CR4-Capability Release) in very tight or stringent timelines. Each of these releases had various sets of Use Cases, which needed to be developed in the estimated time frame (approximately 3-4 months)"
    },
    {
      "title": "Oncor Engineering & Operations Java Applications",
      "description": "As part of Engineering & Operations, we provided development and maintenance support for 9 Java Applications Oncor, is a regulated electric distribution and transmission business that uses superior asset management skills to provide reliable electricity delivery to consumers. Oncor, operates the largest distribution and transmission system in Texas, delivering power to approximately 3 million homes and businesses and operating more than 117,000 miles of distribution and transmission lines in Texas"
    },
    {
      "title": "Surplus Lines & Unlicensed Taxes Process Platform",
      "description": "The project is a single platform to support the surplus lines & unlicensed taxes process to;\nEnsure the appropriate taxes (by state or municipality) are calculated\nAutomate the creation of affidavits and tax returns"
    },
    {
      "title": "Policy Checking System for Policy Management Group (PMG)",
      "description": "The project includes Checking is a process of verifying policy accuracy performed by Policy Management Group (PMG) in the United States. The process largely consists of verifying the accuracy of a new policy against the binder and between the policy and the expired policy in the case of renewal. The process was largely manual and not scalable. As PMG expands to take on more processing that is currently done in individual offices, a scalable enterprise application is needed to support policy-checking"
    },
    {
      "title": "Online Accounting and Taxation Solutions",
      "description": "The project online provides accounting and taxation solutions to help accounting and tax professionals as well as individuals in United States dealing with accounting and taxation. It offers comprehensive accounting and taxation services for individuals and business firms in United States. Additionally, this project Online also facilitates CPAs along with individuals to efile their tax returns online"
    }
  ],
  "roles_responsibilities": "",
  "technical_skills": {
    "web_technologies": [
      "iOS",
      "Android",
      "React",
      "HTML",
      "JavaScript",
      "JSP",
      "Servlets",
      "JSF",
      "AJAX",
      "DWR"
    ],
    "scripting_languages": [
      "Python",
      "PHP",
      "Java"
    ],
    "frameworks": [
      "Django",
      "Laravel",
      "Spring Boot",
      "Struts",
      "EJB",
      "JPA",
      "Eclipse Link",
      "Oracle ADF",
      "JPF",
      "Spring JDBC Framework"
    ],
    "databases": [
      "AWS (Cloud Platform)",
      "Oracle",
      "Postgres Database",
      "MS SQL 2000",
      "MySQL"
    ],
    "web_servers": [
      "Tomcat",
      "JRUN 4.0",
      "IIS 6.0",
      "IBM WebSphere 6.0",
      "Weblogic",
      "Apache",
      "JBoss"
    ],
    "tools": [
      "Power BI",
      "Jira",
      "Github",
      "Bitbucket",
      "Confluence",
      "AWS CI/CD Pipelines",
      "Bitwarden",
      "Slack",
      "MS Teams",
      "BMC Remedy",
      "Rally ALM",
      "Access MC",
      "Remedy Self Service",
      "Remedy Smart Report",
      "Jenkins",
      "Artifactory",
      "GIT",
      "Pivotal Cloud Foundry (PCF)",
      "Load Balancer (F5)",
      "API Gateway",
      "ServiceNow",
      "AXON",
      "AKAMAI",
      "Crypto As A Service (CAAS)",
      "Splunk",
      "Dynatrace",
      "Blaze meter",
      "Eclipse",
      "TOAD",
      "Star Team",
      "Lunt Build",
      "Tibco",
      "Beyond Compare",
      "Notepad ++",
      "Java Decompiled",
      "RQM",
      "SVN",
      "Sonar",
      "Ant",
      "Maven",
      "RPM",
      "RTC",
      "EA Sparx",
      "IBM Lotus Team Room",
      "VSS",
      "Citrix",
      "Microsoft Visio",
      "Putty",
      "WinSCP",
      "Lucene Search Engine",
      "JBoss Rule Engine (JBRMS)",
      "RAD 6.0",
      "IntelliJ IDEA 3.0",
      "Dreamweaver 8.0",
      "WRQ Reflection (Terminal Emulator Tool)",
      "Rational Clear Case",
      "Rational Clear Quest"
    ]
  },
  "personal_details": {
    "employee_id": "",
    "permanent_address": "",
    "local_address": "",
    "contact_number": "",
    "date_of_joining": "",
    "designation": "",
    "overall_experience": "",
    "date_of_birth": "",
    "passport_details": ""
  },
  "work_experience": [
    {
      "role": "Lead Reliability Engineer/ BizOps Manager",
      "responsibilities": "As Lead Reliability Engineer, involved in new environments building/shakedown(POD, SPDT),integration, application migration from one program to another(Example: Pay OnDemand (POD), Smart Payment Decisioning Tools (SPDT), Carbon Calculator (CC) & Elevate Apps -Oracle Database Migration), release promotion/deployments, ensuring application is available all the time (RUN objective), issue troubleshooting/mitigation, application/database traffic routing from one datacentre to another or vice versa (as require),providing technical inputs, incident management, change management, problem management, work order management, risk review/mitigation, toil management, vulnerabilities management, certificate (internal/external) management, etc.\n\nAs Business Operations (BizOps) Manager, I managed the Wallet Solutions, POD, SPDT & Elevate Program/Apps. Collaborated with Program/Apps teams (Dev, SDET, TPM, PMT, etc.), Business Partners, Marketing Team, Clients, Customer Support Team, etc. for new Product Launch, Promotions, Enhancements, War Room Setup, Support Model Setup, etc. support\nConducted/Participated/Prepared require decks/material for/in the Daily Stand-ups, Scrum Calls, Mini Cabs (CRQs, WOs, INCs, PBIs, etc. tickets review), CAB (Change Advisory Board) Calls, Operations Review, Program Reviews, Cabinet Meetings, Monthly/Quarterly Technical Reviews (MTRs/QTRs), etc.\nLead SME for sunsetting & decommissioning of Program/Application. Did multiple apps sunset/decommissioning (POD, SPDT, Priceless Planet Data Services (PPDS), etc.). Created the first ever plan/template for sunsetting/decommissioning a program/application in our org/vertical. Using it we successfully sunset/decommissioned the Wallet Solutions Program/Apps. Received, award/appreciation for the same. It was a kind of benchmark/goto guide for other Programs/Apps teams to refer. I also presented the template to the wider audience/group at the org level.\n\nProject Activities as part of BizOps scrum teams Accelerators and Genesis (Masterpass Application)-Building new environments from scratch and shakedown of services and/or environments ensuring overall health and connectivity with backend systems, DB, and 3rd party services. This activity is done across multiple initiatives/projects enterprise-wide.\n\nBAU Activities -Managing and maintaining lower environments like PERF, Stage1/2/3, ITF and INT, ensuring High Availability of environment for Dev teams, troubleshooting support for various dev activities and issues, Internal Release Management and code promotion activities for Higher Environments like Sandbox and Production, Wiki Documentation for new findings and processes etc.\n\nBridging between Operations team and Development teams–DevOps, reducing Time-To-Market for enterprise delivery by managing and maintaining CI/CD and automations of tasks, troubleshooting support and guidance on best practices and enterprise processes"
    }
  ]
}
```
2025-08-07 17:54:31,415 INFO:Generated bullet points for professional_summary: - Results-driven Project Manager with over 18 years of IT experience in project management, software development, and SRE.
- Experienced across diverse domains including Payment, Oil & Gas, Utilities, BFSI, and Taxation.
- Proven track record in managing all phases of the project lifecycle, ensuring alignment with organizational goals.
- Skilled in leading and mentoring teams, fostering a cohesive environment with technical and managerial support.
- Completed an internal Aspiring People Manager certification program.
- Holds multiple internal ITSM certifications including Federated Change, Incident, and Problem Manager.
- Proficient in Agile methodologies (Scrum, XP) and certified as a SAFe 4.0 Practitioner (SP).
- Gained experience through an onsite assignment in Calgary, Canada.
- Familiar with client applications, development standards, and processes from both offshore and onsite team experiences.
- Comprehensive understanding of the complete SDLC, including system study, design, coding, testing, and bug fixing.
- Possesses excellent relationship management skills and adapts well to corporate culture.
- Meticulous and quality-oriented with a strong attention to detail.
- Employs a results-oriented problem-solving approach, coupled with excellent communication, interpersonal, and change management skills.
- A strong team player capable of leading by example and motivating teams to achieve objectives.
2025-08-07 17:54:41,994 INFO:Generated bullet points for work_experience_responsibilities_Lead Reliability Engineer/ BizOps Manager: - As Lead Reliability Engineer, managed new environment building, integration, and application migration, including Oracle Database migrations for key applications like Pay OnDemand (POD) and Smart Payment Decisioning Tools (SPDT).
- Ensured 24/7 application availability, overseeing release promotions, deployments, and comprehensive issue troubleshooting and mitigation.
- Managed application and database traffic routing, provided technical input, and handled incident, change, problem, work order, risk, toil, vulnerabilities, and certificate management.
- As Business Operations (BizOps) Manager, oversaw Wallet Solutions, POD, SPDT, and Elevate Programs/Applications.
- Collaborated extensively with cross-functional teams, business partners, clients, and marketing for new product launches, promotions, enhancements, and support model setup.
- Led and participated in various operational and program review meetings, including daily stand-ups, scrum calls, CAB calls, and monthly/quarterly technical reviews.
- Served as the Lead Subject Matter Expert for program and application sunsetting and decommissioning, successfully retiring multiple applications including POD, SPDT, and Priceless Planet Data Services (PPDS).
- Developed and implemented the organization's first-ever program/application sunsetting and decommissioning template, which became a benchmark and received an award.
- Contributed to project activities within BizOps scrum teams, focusing on building and shakedown of new environments, ensuring connectivity and health across enterprise-wide initiatives.
- Performed Business As Usual (BAU) activities, including managing lower environments (PERF, Stage, ITF, INT) to ensure high availability for development teams and providing troubleshooting support.
- Managed internal release processes and code promotion for higher environments like Sandbox and Production, and maintained Wiki documentation.
- Bridged operations and development teams, implementing DevOps practices to reduce time-to-market by managing CI/CD pipelines and task automation.
- Provided troubleshooting support and guidance on best practices and enterprise processes for DevOps.
2025-08-07 17:54:41,995 INFO:Generated structured resume data: {
  "name": "",
  "education_training_certifications": [
    {
      "title": "MCA- G.H.Patel Department of Computer Science & Technology (GDCST), Sardar Patel University, Vallabh Vidyanagar"
    },
    {
      "title": "B.Sc. Honors (Statistics), Statistics Department, Maharaja Sayajirao University, Vadodara"
    },
    {
      "title": "Java Programming Language using Java SE6"
    },
    {
      "title": "WEBSPHERE STUDIO APPLICATION DEVELOPER (WSAD) certificate"
    },
    {
      "title": ".NET Technology certificate"
    }
  ],
  "total_experience": "18 years",
  "professional_summary": "- Results-driven Project Manager with over 18 years of IT experience in project management, software development, and SRE.\n- Experienced across diverse domains including Payment, Oil & Gas, Utilities, BFSI, and Taxation.\n- Proven track record in managing all phases of the project lifecycle, ensuring alignment with organizational goals.\n- Skilled in leading and mentoring teams, fostering a cohesive environment with technical and managerial support.\n- Completed an internal Aspiring People Manager certification program.\n- Holds multiple internal ITSM certifications including Federated Change, Incident, and Problem Manager.\n- Proficient in Agile methodologies (Scrum, XP) and certified as a SAFe 4.0 Practitioner (SP).\n- Gained experience through an onsite assignment in Calgary, Canada.\n- Familiar with client applications, development standards, and processes from both offshore and onsite team experiences.\n- Comprehensive understanding of the complete SDLC, including system study, design, coding, testing, and bug fixing.\n- Possesses excellent relationship management skills and adapts well to corporate culture.\n- Meticulous and quality-oriented with a strong attention to detail.\n- Employs a results-oriented problem-solving approach, coupled with excellent communication, interpersonal, and change management skills.\n- A strong team player capable of leading by example and motivating teams to achieve objectives.",
  "netweb_projects": [
    {
      "title": "Manager, Health Care & Traffic/Transport projects",
      "description": "As Manager, managing and doing various project management activities for multiple Health Care & Traffic/Transport projects. Also, ensuring all the necessary best practices with respect to various tools, technologies, and processes used in projects are followed and do quality and timely deliveries.\nManaged project scopes, and schedules, and consistently delivered projects on time and within financial constraints.\nFacilitated stakeholder meetings, providing regular updates on project progress, risks, and issues, resulting in a 95% client satisfaction rate.\nAssisted in improving project completion rates by coordinating timelines and resources.\nContributed to cost-saving measures in project budgeting.\nProvided support in updating and maintaining project status reports and schedules.\nAdept at utilizing Agile & Scrum methodologies to enhance team collaboration and project efficiency.\nAdept at mitigating risks and fostering strong relationships with clients and stakeholders to ensure project success.\nStrong communicator with a knack for stakeholder engagement and conflict resolution.\nTechnology/Tools used in the projects: iOS, Android, React, Python (Django), PHP Laravel, AWS, Java, Spring Boot, Power BI, Jira, Github, Bitbucket, Confluence, AWS CI/CD Pipelines, Bitwarden, Slack, MS Teams, etc.\nRelevant Experience: 9 years of experience of Payment Industry, Project/People Management, Business Operations Support(Example: Release Promotion/Toll Gating, Run -Issue Troubleshooting (TRT), Application Availability, Service Restoration, New Environment Build/Application Deployment, Existing Environment/Application Sunset/Decommissioning, etc.)and DevOps practices to reduce Time-to-Market for enterprise delivery by managing environments and CI/CD pipelines and by promoting automation wherever possible. Example: Application/Database Traffic Routing Activity, Pivotal Cloud Foundry (PCF) certificate renewals, etc.\nExperienced in the Lead Reliability Engineer (SRE)role supporting Programs/Applications that uses various technologies/tools like BMC Remedy, Rally ALM), Access MC, Confluence, Remedy Self Service, Remedy Smart Report, Jenkins, Artifactory, GIT, Bitbucket, Pivotal Cloud Foundry (PCF), Oracle Database, Postgres Database, Agile-SAFe framework, Load Balancer (F5), API Gateway, ServiceNow, Apache, AXON, AKAMAI, JBoss, Crypto As A Service (CAAS), Splunk, Dynatrace, Blaze meter, etc.\nITSM Lead, Federated Change Manager (FCM), Federated Incident Manager (FIM) Federated Problem Management (FPM), Work Order Management\nConducted/Participated/Prepared required decks/material for/in the Daily Stand-ups, Scrum Calls, Mini Cabs (CRQs, WOs, INCs, PBIs, etc. tickets review), CAB (Change Advisory Board) Calls, Operations Review, Program Reviews, Cabinet Meetings, Monthly/Quarterly Technical Reviews (MTRs/QTRs), etc.\nVulnerabilities Management, Certificate Management, Manual Toil Reduction, and Automating as much as possible.\n9 years of software development and maintenance experience in Oakleaf, JAVA/J2EE, EJBs/JPA, Eclipse Link, Struts Framework, Servlets, JSP, JDBC, ORACLE, and JavaScript technologies.\nExperience in developing multi-tier applications using the MVC model.\nQuick learner and eager to learn new technologies."
    }
  ],
  "past_projects": [
    {
      "title": "Mortgage Services Application (Desk & Imaging and CARS & FSMS)",
      "description": "The project provides mortgage services for real estate companies, investment firms, banks, credit unions, and relocation professionals in the United States. The company originates, processes, closes, and services mortgage loans. It offers correspondent lending, private label solutions, loan subservicing, and relocation services Desk & Imaging and CARS & FSMS are very business critical applications. It was complex component-based architecture. Its User Interface is also a bit complex. It's entirely AMS project and there is incident analysis and resolution within stipulated SLAs"
    },
    {
      "title": "Enbridge Planning and Scheduling Project (\"Sked Link\u201d)",
      "description": "The Planning and Scheduling Project is where Enbridge will build schedules for the majority of pipelines and facilities today and into the future. It is where schedules will be managed on a daily basis and schedules are executed. It is also where analytics will be applied, and key metrics will be measured so that proactive changes may be made in order to increase the profitability of Enbridge Planning and Scheduling is a very complex project. It required building a web application solution called \"Sked Link\u201d which has a complex User Interface based upon very complex business requirements In this project, the deliverables were to complete the various development releases which the client referred to as SR4 (System Release), Metrics Drop and Build drop (CR4-Capability Release) in very tight or stringent timelines. Each of these releases had various sets of Use Cases, which needed to be developed in the estimated time frame (approximately 3-4 months)"
    },
    {
      "title": "Oncor Engineering & Operations Java Applications",
      "description": "As part of Engineering & Operations, we provided development and maintenance support for 9 Java Applications Oncor, is a regulated electric distribution and transmission business that uses superior asset management skills to provide reliable electricity delivery to consumers. Oncor, operates the largest distribution and transmission system in Texas, delivering power to approximately 3 million homes and businesses and operating more than 117,000 miles of distribution and transmission lines in Texas"
    },
    {
      "title": "Surplus Lines & Unlicensed Taxes Process Platform",
      "description": "The project is a single platform to support the surplus lines & unlicensed taxes process to;\nEnsure the appropriate taxes (by state or municipality) are calculated\nAutomate the creation of affidavits and tax returns"
    },
    {
      "title": "Policy Checking System for Policy Management Group (PMG)",
      "description": "The project includes Checking is a process of verifying policy accuracy performed by Policy Management Group (PMG) in the United States. The process largely consists of verifying the accuracy of a new policy against the binder and between the policy and the expired policy in the case of renewal. The process was largely manual and not scalable. As PMG expands to take on more processing that is currently done in individual offices, a scalable enterprise application is needed to support policy-checking"
    },
    {
      "title": "Online Accounting and Taxation Solutions",
      "description": "The project online provides accounting and taxation solutions to help accounting and tax professionals as well as individuals in United States dealing with accounting and taxation. It offers comprehensive accounting and taxation services for individuals and business firms in United States. Additionally, this project Online also facilitates CPAs along with individuals to efile their tax returns online"
    }
  ],
  "roles_responsibilities": "",
  "technical_skills": {
    "web_technologies": [
      "iOS",
      "Android",
      "React",
      "HTML",
      "JavaScript",
      "JSP",
      "Servlets",
      "JSF",
      "AJAX",
      "DWR"
    ],
    "scripting_languages": [
      "Python",
      "PHP",
      "Java"
    ],
    "frameworks": [
      "Django",
      "Laravel",
      "Spring Boot",
      "Struts",
      "EJB",
      "JPA",
      "Eclipse Link",
      "Oracle ADF",
      "JPF",
      "Spring JDBC Framework"
    ],
    "databases": [
      "AWS (Cloud Platform)",
      "Oracle",
      "Postgres Database",
      "MS SQL 2000",
      "MySQL"
    ],
    "web_servers": [
      "Tomcat",
      "JRUN 4.0",
      "IIS 6.0",
      "IBM WebSphere 6.0",
      "Weblogic",
      "Apache",
      "JBoss"
    ],
    "tools": [
      "Power BI",
      "Jira",
      "Github",
      "Bitbucket",
      "Confluence",
      "AWS CI/CD Pipelines",
      "Bitwarden",
      "Slack",
      "MS Teams",
      "BMC Remedy",
      "Rally ALM",
      "Access MC",
      "Remedy Self Service",
      "Remedy Smart Report",
      "Jenkins",
      "Artifactory",
      "GIT",
      "Pivotal Cloud Foundry (PCF)",
      "Load Balancer (F5)",
      "API Gateway",
      "ServiceNow",
      "AXON",
      "AKAMAI",
      "Crypto As A Service (CAAS)",
      "Splunk",
      "Dynatrace",
      "Blaze meter",
      "Eclipse",
      "TOAD",
      "Star Team",
      "Lunt Build",
      "Tibco",
      "Beyond Compare",
      "Notepad ++",
      "Java Decompiled",
      "RQM",
      "SVN",
      "Sonar",
      "Ant",
      "Maven",
      "RPM",
      "RTC",
      "EA Sparx",
      "IBM Lotus Team Room",
      "VSS",
      "Citrix",
      "Microsoft Visio",
      "Putty",
      "WinSCP",
      "Lucene Search Engine",
      "JBoss Rule Engine (JBRMS)",
      "RAD 6.0",
      "IntelliJ IDEA 3.0",
      "Dreamweaver 8.0",
      "WRQ Reflection (Terminal Emulator Tool)",
      "Rational Clear Case",
      "Rational Clear Quest"
    ]
  },
  "personal_details": {
    "employee_id": "",
    "permanent_address": "",
    "local_address": "",
    "contact_number": "",
    "date_of_joining": "",
    "designation": "",
    "overall_experience": "",
    "date_of_birth": "",
    "passport_details": ""
  },
  "work_experience": [
    {
      "role": "Lead Reliability Engineer/ BizOps Manager",
      "responsibilities": "- As Lead Reliability Engineer, managed new environment building, integration, and application migration, including Oracle Database migrations for key applications like Pay OnDemand (POD) and Smart Payment Decisioning Tools (SPDT).\n- Ensured 24/7 application availability, overseeing release promotions, deployments, and comprehensive issue troubleshooting and mitigation.\n- Managed application and database traffic routing, provided technical input, and handled incident, change, problem, work order, risk, toil, vulnerabilities, and certificate management.\n- As Business Operations (BizOps) Manager, oversaw Wallet Solutions, POD, SPDT, and Elevate Programs/Applications.\n- Collaborated extensively with cross-functional teams, business partners, clients, and marketing for new product launches, promotions, enhancements, and support model setup.\n- Led and participated in various operational and program review meetings, including daily stand-ups, scrum calls, CAB calls, and monthly/quarterly technical reviews.\n- Served as the Lead Subject Matter Expert for program and application sunsetting and decommissioning, successfully retiring multiple applications including POD, SPDT, and Priceless Planet Data Services (PPDS).\n- Developed and implemented the organization's first-ever program/application sunsetting and decommissioning template, which became a benchmark and received an award.\n- Contributed to project activities within BizOps scrum teams, focusing on building and shakedown of new environments, ensuring connectivity and health across enterprise-wide initiatives.\n- Performed Business As Usual (BAU) activities, including managing lower environments (PERF, Stage, ITF, INT) to ensure high availability for development teams and providing troubleshooting support.\n- Managed internal release processes and code promotion for higher environments like Sandbox and Production, and maintained Wiki documentation.\n- Bridged operations and development teams, implementing DevOps practices to reduce time-to-market by managing CI/CD pipelines and task automation.\n- Provided troubleshooting support and guidance on best practices and enterprise processes for DevOps."
    }
  ]
}
2025-08-07 17:54:41,996 INFO:Initialized session: profile keys=['name', 'education_training_certifications', 'total_experience', 'professional_summary', 'netweb_projects', 'past_projects', 'roles_responsibilities', 'technical_skills', 'personal_details', 'work_experience'], hidden_sections=[], from_scratch=False
2025-08-07 17:54:42,080 INFO:127.0.0.1 - - [07/Aug/2025 17:54:42] "POST / HTTP/1.1" 200 -
2025-08-07 17:55:24,112 INFO:Download PDF - Session profile keys: None
2025-08-07 17:55:24,112 WARNING:No profile data in session for /download
2025-08-07 17:55:24,113 INFO:127.0.0.1 - - [07/Aug/2025 17:55:24] "[32mPOST /download HTTP/1.1[0m" 302 -
2025-08-07 17:55:24,124 INFO:127.0.0.1 - - [07/Aug/2025 17:55:24] "GET / HTTP/1.1" 200 -
2025-08-07 17:55:24,162 INFO:127.0.0.1 - - [07/Aug/2025 17:55:24] "[36mGET /static/css/profile.css HTTP/1.1[0m" 304 -
2025-08-07 17:55:41,769 INFO:127.0.0.1 - - [07/Aug/2025 17:55:41] "GET / HTTP/1.1" 200 -
2025-08-07 17:55:41,807 INFO:127.0.0.1 - - [07/Aug/2025 17:55:41] "[36mGET /static/css/profile.css HTTP/1.1[0m" 304 -
2025-08-07 17:55:42,001 INFO: * Detected change in 'D:\\Python\\ai_profile_generator\\app.py', reloading
